Using pre-set license
Built from '2021.3/staging' branch; Version is '2021.3.16f1 (4016570cf34f) revision 4200023'; Using compiler version '192829333'; Build Type 'Release'
OS: 'Windows 10  (10.0.19045) 64bit Core' Language: 'en' Physical Memory: 16315 MB
BatchMode: 1, IsHumanControllingUs: 0, StartBugReporterOnCrash: 0, Is64bit: 1, IsPro: 1

COMMAND LINE ARGUMENTS:
C:\Program Files\Unity\Hub\Editor\2021.3.16f1\Editor\Unity.exe
-adb2
-batchMode
-noUpm
-name
AssetImportWorker0
-projectPath
C:/Users/darkl/Documents/Hotel-404/Hotel 404
-logFile
Logs/AssetImportWorker0.log
-srvPort
63144
Successfully changed project path to: C:/Users/darkl/Documents/Hotel-404/Hotel 404
C:/Users/darkl/Documents/Hotel-404/Hotel 404
[UnityMemory] Configuration Parameters - Can be set up in boot.config
    "memorysetup-bucket-allocator-granularity=16"
    "memorysetup-bucket-allocator-bucket-count=8"
    "memorysetup-bucket-allocator-block-size=33554432"
    "memorysetup-bucket-allocator-block-count=8"
    "memorysetup-main-allocator-block-size=16777216"
    "memorysetup-thread-allocator-block-size=16777216"
    "memorysetup-gfx-main-allocator-block-size=16777216"
    "memorysetup-gfx-thread-allocator-block-size=16777216"
    "memorysetup-cache-allocator-block-size=4194304"
    "memorysetup-typetree-allocator-block-size=2097152"
    "memorysetup-profiler-bucket-allocator-granularity=16"
    "memorysetup-profiler-bucket-allocator-bucket-count=8"
    "memorysetup-profiler-bucket-allocator-block-size=33554432"
    "memorysetup-profiler-bucket-allocator-block-count=8"
    "memorysetup-profiler-allocator-block-size=16777216"
    "memorysetup-profiler-editor-allocator-block-size=1048576"
    "memorysetup-temp-allocator-size-main=16777216"
    "memorysetup-job-temp-allocator-block-size=2097152"
    "memorysetup-job-temp-allocator-block-size-background=1048576"
    "memorysetup-job-temp-allocator-reduction-small-platforms=262144"
    "memorysetup-temp-allocator-size-background-worker=32768"
    "memorysetup-temp-allocator-size-job-worker=262144"
    "memorysetup-temp-allocator-size-preload-manager=33554432"
    "memorysetup-temp-allocator-size-nav-mesh-worker=65536"
    "memorysetup-temp-allocator-size-audio-worker=65536"
    "memorysetup-temp-allocator-size-cloud-worker=32768"
    "memorysetup-temp-allocator-size-gi-baking-worker=262144"
    "memorysetup-temp-allocator-size-gfx=262144"
Player connection [3044] Host "[IP] 192.168.56.1 [Port] 0 [Flags] 2 [Guid] 290484371 [EditorId] 290484371 [Version] 1048832 [Id] WindowsEditor(7,Turnip) [Debug] 1 [PackageName] WindowsEditor [ProjectName] Editor" joined multi-casting on [225.0.0.222:54997]...

Player connection [3044] Host "[IP] 192.168.56.1 [Port] 0 [Flags] 2 [Guid] 290484371 [EditorId] 290484371 [Version] 1048832 [Id] WindowsEditor(7,Turnip) [Debug] 1 [PackageName] WindowsEditor [ProjectName] Editor" joined alternative multi-casting on [225.0.0.222:34997]...

Refreshing native plugins compatible for Editor in 119.85 ms, found 3 plugins.
Preloading 0 native plugins for Editor in 0.00 ms.
Initialize engine version: 2021.3.16f1 (4016570cf34f)
[Subsystems] Discovering subsystems at path C:/Program Files/Unity/Hub/Editor/2021.3.16f1/Editor/Data/Resources/UnitySubsystems
[Subsystems] Discovering subsystems at path C:/Users/darkl/Documents/Hotel-404/Hotel 404/Assets
GfxDevice: creating device client; threaded=0; jobified=0
Direct3D:
    Version:  Direct3D 11.0 [level 11.1]
    Renderer: NVIDIA GeForce GTX 1660 SUPER (ID=0x21c4)
    Vendor:   NVIDIA
    VRAM:     5992 MB
    Driver:   31.0.15.1694
Initialize mono
Mono path[0] = 'C:/Program Files/Unity/Hub/Editor/2021.3.16f1/Editor/Data/Managed'
Mono path[1] = 'C:/Program Files/Unity/Hub/Editor/2021.3.16f1/Editor/Data/MonoBleedingEdge/lib/mono/unityjit-win32'
Mono config path = 'C:/Program Files/Unity/Hub/Editor/2021.3.16f1/Editor/Data/MonoBleedingEdge/etc'
Using monoOptions --debugger-agent=transport=dt_socket,embedding=1,server=y,suspend=n,address=127.0.0.1:56844
Begin MonoManager ReloadAssembly
Registering precompiled unity dll's ...
Register platform support module: C:/Program Files/Unity/Hub/Editor/2021.3.16f1/Editor/Data/PlaybackEngines/WebGLSupport/UnityEditor.WebGL.Extensions.dll
Register platform support module: C:/Program Files/Unity/Hub/Editor/2021.3.16f1/Editor/Data/PlaybackEngines/WindowsStandaloneSupport/UnityEditor.WindowsStandalone.Extensions.dll
Registered in 0.009343 seconds.
Native extension for WindowsStandalone target not found
Native extension for WebGL target not found
Refreshing native plugins compatible for Editor in 109.57 ms, found 3 plugins.
Preloading 0 native plugins for Editor in 0.00 ms.
Mono: successfully reloaded assembly
- Completed reload, in  0.643 seconds
Domain Reload Profiling:
	ReloadAssembly (643ms)
		BeginReloadAssembly (79ms)
			ExecutionOrderSort (0ms)
			DisableScriptedObjects (0ms)
			BackupInstance (0ms)
			ReleaseScriptingObjects (0ms)
			CreateAndSetChildDomain (1ms)
		EndReloadAssembly (448ms)
			LoadAssemblies (77ms)
			RebuildTransferFunctionScriptingTraits (0ms)
			SetupTypeCache (94ms)
			ReleaseScriptCaches (0ms)
			RebuildScriptCaches (24ms)
			SetupLoadedEditorAssemblies (283ms)
				LogAssemblyErrors (0ms)
				InitializePlatformSupportModulesInManaged (9ms)
				SetLoadedEditorAssemblies (0ms)
				RefreshPlugins (110ms)
				BeforeProcessingInitializeOnLoad (1ms)
				ProcessInitializeOnLoadAttributes (124ms)
				ProcessInitializeOnLoadMethodAttributes (39ms)
				AfterProcessingInitializeOnLoad (0ms)
				EditorAssembliesLoaded (0ms)
			ExecutionOrderSort2 (0ms)
			AwakeInstancesAfterBackupRestoration (0ms)
Platform modules already initialized, skipping
Registering precompiled user dll's ...
Registered in 0.006534 seconds.
Begin MonoManager ReloadAssembly
Symbol file LoadedFromMemory doesn't match image C:\Users\darkl\Documents\Hotel-404\Hotel 404\Library\PackageCache\com.unity.visualscripting@1.7.8\Editor\VisualScripting.Core\Dependencies\YamlDotNet\Unity.VisualScripting.YamlDotNet.dll
Symbol file LoadedFromMemory doesn't match image C:\Users\darkl\Documents\Hotel-404\Hotel 404\Library\PackageCache\com.unity.visualscripting@1.7.8\Editor\VisualScripting.Core\Dependencies\DotNetZip\Unity.VisualScripting.IonicZip.dll
Native extension for WindowsStandalone target not found
Native extension for WebGL target not found
Refreshing native plugins compatible for Editor in 116.68 ms, found 3 plugins.
Preloading 0 native plugins for Editor in 0.00 ms.
Mono: successfully reloaded assembly
- Completed reload, in  1.293 seconds
Domain Reload Profiling:
	ReloadAssembly (1294ms)
		BeginReloadAssembly (110ms)
			ExecutionOrderSort (0ms)
			DisableScriptedObjects (7ms)
			BackupInstance (0ms)
			ReleaseScriptingObjects (0ms)
			CreateAndSetChildDomain (18ms)
		EndReloadAssembly (1061ms)
			LoadAssemblies (90ms)
			RebuildTransferFunctionScriptingTraits (0ms)
			SetupTypeCache (290ms)
			ReleaseScriptCaches (1ms)
			RebuildScriptCaches (72ms)
			SetupLoadedEditorAssemblies (570ms)
				LogAssemblyErrors (0ms)
				InitializePlatformSupportModulesInManaged (6ms)
				SetLoadedEditorAssemblies (0ms)
				RefreshPlugins (117ms)
				BeforeProcessingInitializeOnLoad (111ms)
				ProcessInitializeOnLoadAttributes (306ms)
				ProcessInitializeOnLoadMethodAttributes (20ms)
				AfterProcessingInitializeOnLoad (10ms)
				EditorAssembliesLoaded (0ms)
			ExecutionOrderSort2 (0ms)
			AwakeInstancesAfterBackupRestoration (6ms)
Platform modules already initialized, skipping
========================================================================
Worker process is ready to serve import requests
Launched and connected shader compiler UnityShaderCompiler.exe after 0.04 seconds
Refreshing native plugins compatible for Editor in 1.46 ms, found 3 plugins.
Preloading 0 native plugins for Editor in 0.00 ms.
Unloading 4619 Unused Serialized files (Serialized files now loaded: 0)
Unloading 42 unused Assets / (1.3 MB). Loaded Objects now: 5066.
Memory consumption went from 169.0 MB to 167.6 MB.
Total: 5.216800 ms (FindLiveObjects: 0.640400 ms CreateObjectMapping: 0.162600 ms MarkObjects: 3.841600 ms  DeleteObjects: 0.571000 ms)

AssetImportParameters requested are different than current active one (requested -> active):
  custom:video-decoder-ogg-theora: a1e56fd34408186e4bbccfd4996cb3dc -> 
  custom:container-muxer-webm: aa71ff27fc2769a1b78a27578f13a17b -> 
  custom:container-demuxer-webm: 4f35f7cbe854078d1ac9338744f61a02 -> 
  custom:video-encoder-webm-vp8: eb34c28f22e8b96e1ab97ce403110664 -> 
  custom:video-codec-MediaFoundation-h265: 746d11721c4dcdbdad8f713fa42b33f4 -> 
  custom:audio-encoder-webm-vorbis: bf7c407c2cedff20999df2af8eb42d56 -> 
  custom:framework-win-MediaFoundation: 216162199b28c13a410421893ffa2e32 -> 
  custom:container-demuxer-ogg: 62fdf1f143b41e24485cea50d1cbac27 -> 
  custom:video-decoder-webm-vp8: 9c59270c3fd7afecdb556c50c9e8de78 -> 
  custom:audio-decoder-ogg-vorbis: bf7c407c2cedff20999df2af8eb42d56 -> 
========================================================================
Received Import Request.
  Time since last request: 82331.993816 seconds.
  path: Assets/FImpossible Creations/Plugins - Level Design/PGG/Presets Directory/FS_Drafts/Hotel_Rooms_404.asset
  artifactKey: Guid(d1e4095ebd98de14c9c32e8314122bc9) Importer(815301076,1909f56bfc062723c751e8b465ee728b)
Start importing Assets/FImpossible Creations/Plugins - Level Design/PGG/Presets Directory/FS_Drafts/Hotel_Rooms_404.asset using Guid(d1e4095ebd98de14c9c32e8314122bc9) Importer(815301076,1909f56bfc062723c751e8b465ee728b)  -> (artifact id: '40ca36f18c1458552028ab3cb2c02e5d') in 0.076945 seconds 
========================================================================
Received Import Request.
  Time since last request: 104.498289 seconds.
  path: Assets/Brick Project Studio/Apartment Kit/_Prefabs/Furniture/Living Room/Chair_Apt_01.prefab
  artifactKey: Guid(29eb9cdec523f4944b46fcfae81dc9c8) Importer(815301076,1909f56bfc062723c751e8b465ee728b)
Start importing Assets/Brick Project Studio/Apartment Kit/_Prefabs/Furniture/Living Room/Chair_Apt_01.prefab using Guid(29eb9cdec523f4944b46fcfae81dc9c8) Importer(815301076,1909f56bfc062723c751e8b465ee728b)  -> (artifact id: 'aaaed65501bd14a63eaaacf3e680c919') in 0.141925 seconds 
========================================================================
Received Import Request.
  Time since last request: 0.000021 seconds.
  path: Assets/Brick Project Studio/Apartment Kit/_Prefabs/Apt Build Kit/Exteriors/Ext_Apt_01/Ext_Apt_01_Roof_Edge_01.prefab
  artifactKey: Guid(6afcc4494dbad0147a4aec93839a9ad0) Importer(815301076,1909f56bfc062723c751e8b465ee728b)
Start importing Assets/Brick Project Studio/Apartment Kit/_Prefabs/Apt Build Kit/Exteriors/Ext_Apt_01/Ext_Apt_01_Roof_Edge_01.prefab using Guid(6afcc4494dbad0147a4aec93839a9ad0) Importer(815301076,1909f56bfc062723c751e8b465ee728b)  -> (artifact id: '2636145056a070044c0e4301c66386cb') in 0.207178 seconds 
========================================================================
Received Import Request.
  Time since last request: 0.000028 seconds.
  path: Assets/Brick Project Studio/Apartment Kit/_Prefabs/Apt Build Kit/Interiors/Frames Windows Stairs & Doors/DoorFrame_Apt_03.prefab
  artifactKey: Guid(f3e82dc7c471ff447b3ca0e0bfded076) Importer(815301076,1909f56bfc062723c751e8b465ee728b)
Start importing Assets/Brick Project Studio/Apartment Kit/_Prefabs/Apt Build Kit/Interiors/Frames Windows Stairs & Doors/DoorFrame_Apt_03.prefab using Guid(f3e82dc7c471ff447b3ca0e0bfded076) Importer(815301076,1909f56bfc062723c751e8b465ee728b)  -> (artifact id: '809a20e8efdd34b6c5550bf767318fa1') in 0.042234 seconds 
========================================================================
Received Import Request.
  Time since last request: 0.000019 seconds.
  path: Assets/Brick Project Studio/Apartment Kit/_Prefabs/Apt Build Kit/Interiors/Frames Windows Stairs & Doors/Int_apt_01_Staircase_01.prefab
  artifactKey: Guid(3cdb710f55b8ba342bfc746fcebede5b) Importer(815301076,1909f56bfc062723c751e8b465ee728b)
Start importing Assets/Brick Project Studio/Apartment Kit/_Prefabs/Apt Build Kit/Interiors/Frames Windows Stairs & Doors/Int_apt_01_Staircase_01.prefab using Guid(3cdb710f55b8ba342bfc746fcebede5b) Importer(815301076,1909f56bfc062723c751e8b465ee728b)  -> (artifact id: '5c31f656eeb4f25da18208639e2e28eb') in 0.074579 seconds 
========================================================================
Received Import Request.
  Time since last request: 0.000019 seconds.
  path: Assets/Brick Project Studio/Apartment Kit/_Prefabs/Apt Build Kit/Exteriors/Ext_Apt_01/Ext_Apt_01_Wall_Window_01.prefab
  artifactKey: Guid(4a111030cf811f542a01c361f491a2b1) Importer(815301076,1909f56bfc062723c751e8b465ee728b)
Start importing Assets/Brick Project Studio/Apartment Kit/_Prefabs/Apt Build Kit/Exteriors/Ext_Apt_01/Ext_Apt_01_Wall_Window_01.prefab using Guid(4a111030cf811f542a01c361f491a2b1) Importer(815301076,1909f56bfc062723c751e8b465ee728b)  -> (artifact id: 'ad6bbddac45f73ce7181afc991bfb73a') in 0.085783 seconds 
========================================================================
Received Import Request.
  Time since last request: 0.000042 seconds.
  path: Assets/Brick Project Studio/Apartment Kit/_Prefabs/Apt Build Kit/Interiors/Flooring & Ceilings/Int_apt_03_Floor_01.prefab
  artifactKey: Guid(57b8e39375d93984895e498850c28ef7) Importer(815301076,1909f56bfc062723c751e8b465ee728b)
Start importing Assets/Brick Project Studio/Apartment Kit/_Prefabs/Apt Build Kit/Interiors/Flooring & Ceilings/Int_apt_03_Floor_01.prefab using Guid(57b8e39375d93984895e498850c28ef7) Importer(815301076,1909f56bfc062723c751e8b465ee728b)  -> (artifact id: 'baf92f0fd512c9172af1f8c6aa3d2c07') in 0.076504 seconds 
========================================================================
Received Import Request.
  Time since last request: 0.000033 seconds.
  path: Assets/Brick Project Studio/Apartment Kit/_Prefabs/Apt Build Kit/Interiors/Walls Frames & Doors/Apt_03/Int_Apt_03_Corner_01.prefab
  artifactKey: Guid(c873e765218b357479718f2fe5578f87) Importer(815301076,1909f56bfc062723c751e8b465ee728b)
Start importing Assets/Brick Project Studio/Apartment Kit/_Prefabs/Apt Build Kit/Interiors/Walls Frames & Doors/Apt_03/Int_Apt_03_Corner_01.prefab using Guid(c873e765218b357479718f2fe5578f87) Importer(815301076,1909f56bfc062723c751e8b465ee728b)  -> (artifact id: '66053ff4d66f96224a6dda0ef50292cd') in 0.019016 seconds 
========================================================================
Received Import Request.
  Time since last request: 0.000019 seconds.
  path: Assets/Brick Project Studio/Apartment Kit/_Prefabs/Apt Build Kit/Interiors/Frames Windows Stairs & Doors/DoorFrame_Apt_04.prefab
  artifactKey: Guid(6723febf70d07b7469fbcddd65e8660b) Importer(815301076,1909f56bfc062723c751e8b465ee728b)
Start importing Assets/Brick Project Studio/Apartment Kit/_Prefabs/Apt Build Kit/Interiors/Frames Windows Stairs & Doors/DoorFrame_Apt_04.prefab using Guid(6723febf70d07b7469fbcddd65e8660b) Importer(815301076,1909f56bfc062723c751e8b465ee728b)  -> (artifact id: '3cfe4b72a53c938838579f2238982b27') in 0.036764 seconds 
========================================================================
Received Import Request.
  Time since last request: 0.000019 seconds.
  path: Assets/Brick Project Studio/_BPS Basic Assets/_Prefabs/Basic Asset/BA Build Kit/Interior/Int_02/Int_BA_02_Ceiling_01.prefab
  artifactKey: Guid(c8a35b1154033a342ac94fd67adf1991) Importer(815301076,1909f56bfc062723c751e8b465ee728b)
Start importing Assets/Brick Project Studio/_BPS Basic Assets/_Prefabs/Basic Asset/BA Build Kit/Interior/Int_02/Int_BA_02_Ceiling_01.prefab using Guid(c8a35b1154033a342ac94fd67adf1991) Importer(815301076,1909f56bfc062723c751e8b465ee728b)  -> (artifact id: '45cbd6d5bbb244ff97bb20706079819f') in 0.022939 seconds 
========================================================================
Received Import Request.
  Time since last request: 0.000018 seconds.
  path: Assets/Brick Project Studio/_BPS Basic Assets/_Prefabs/Basic Asset/BA Build Kit/Exterior/Ext_BA_01_Wall_02.prefab
  artifactKey: Guid(ec38c489fc871fc46b0e0e40ea13a84c) Importer(815301076,1909f56bfc062723c751e8b465ee728b)
Start importing Assets/Brick Project Studio/_BPS Basic Assets/_Prefabs/Basic Asset/BA Build Kit/Exterior/Ext_BA_01_Wall_02.prefab using Guid(ec38c489fc871fc46b0e0e40ea13a84c) Importer(815301076,1909f56bfc062723c751e8b465ee728b)  -> (artifact id: '5b61f3d5d48361fcdf1de0d0d5bf7341') in 0.045025 seconds 
========================================================================
Received Import Request.
  Time since last request: 0.000026 seconds.
  path: Assets/Brick Project Studio/Apartment Kit/_Prefabs/Apt Build Kit/Interiors/Walls Frames & Doors/Apt_01/Int_Apt_01_Pillar_3x3.prefab
  artifactKey: Guid(867f5b00c17d4de4db8a0cb3f519283b) Importer(815301076,1909f56bfc062723c751e8b465ee728b)
Start importing Assets/Brick Project Studio/Apartment Kit/_Prefabs/Apt Build Kit/Interiors/Walls Frames & Doors/Apt_01/Int_Apt_01_Pillar_3x3.prefab using Guid(867f5b00c17d4de4db8a0cb3f519283b) Importer(815301076,1909f56bfc062723c751e8b465ee728b)  -> (artifact id: '6e2cd0f2e72e7e03d081d408f2925840') in 0.101150 seconds 
========================================================================
Received Import Request.
  Time since last request: 0.000022 seconds.
  path: Assets/Brick Project Studio/_BPS Basic Assets/_Prefabs/Basic Asset/BA Build Kit/Exterior/Ext_BA_Roof_03.prefab
  artifactKey: Guid(8c565f534ef70fc4bbe3ede8f7750d96) Importer(815301076,1909f56bfc062723c751e8b465ee728b)
Start importing Assets/Brick Project Studio/_BPS Basic Assets/_Prefabs/Basic Asset/BA Build Kit/Exterior/Ext_BA_Roof_03.prefab using Guid(8c565f534ef70fc4bbe3ede8f7750d96) Importer(815301076,1909f56bfc062723c751e8b465ee728b)  -> (artifact id: 'af1c6c4eca31b38732d6463052f1a9e4') in 0.034660 seconds 
========================================================================
Received Import Request.
  Time since last request: 0.000033 seconds.
  path: Assets/Brick Project Studio/Apartment Kit/_Prefabs/Apt Build Kit/Interiors/Walls Frames & Doors/Apt_02/Int_Apt_02_Pillar_3x3.prefab
  artifactKey: Guid(a8128beaec68e3a4194a48ac20aafc9a) Importer(815301076,1909f56bfc062723c751e8b465ee728b)
Start importing Assets/Brick Project Studio/Apartment Kit/_Prefabs/Apt Build Kit/Interiors/Walls Frames & Doors/Apt_02/Int_Apt_02_Pillar_3x3.prefab using Guid(a8128beaec68e3a4194a48ac20aafc9a) Importer(815301076,1909f56bfc062723c751e8b465ee728b)  -> (artifact id: '4bc24a6d431ea6877fad0a535ca866fb') in 0.021090 seconds 
========================================================================
Received Import Request.
  Time since last request: 0.000025 seconds.
  path: Assets/Brick Project Studio/Apartment Kit/_Prefabs/Apt Build Kit/Exteriors/Ext_Apt_01/Ext_Apt_01_Roof_03.prefab
  artifactKey: Guid(c544bc53359f3e941aed74ee827feff3) Importer(815301076,1909f56bfc062723c751e8b465ee728b)
Start importing Assets/Brick Project Studio/Apartment Kit/_Prefabs/Apt Build Kit/Exteriors/Ext_Apt_01/Ext_Apt_01_Roof_03.prefab using Guid(c544bc53359f3e941aed74ee827feff3) Importer(815301076,1909f56bfc062723c751e8b465ee728b)  -> (artifact id: 'ec8e7e5c1782f611d74ee20ef904131b') in 0.044783 seconds 
========================================================================
Received Import Request.
  Time since last request: 0.000032 seconds.
  path: Assets/Brick Project Studio/_BPS Basic Assets/_Prefabs/Basic Asset/BA Build Kit/Exterior/Ext_BA_01_Pillar_1x1.prefab
  artifactKey: Guid(97bf517250a35a647b9b27c826cd3b71) Importer(815301076,1909f56bfc062723c751e8b465ee728b)
Start importing Assets/Brick Project Studio/_BPS Basic Assets/_Prefabs/Basic Asset/BA Build Kit/Exterior/Ext_BA_01_Pillar_1x1.prefab using Guid(97bf517250a35a647b9b27c826cd3b71) Importer(815301076,1909f56bfc062723c751e8b465ee728b)  -> (artifact id: 'a9069b45b15a50852d8e4e1c9f430add') in 0.032688 seconds 
========================================================================
Received Import Request.
  Time since last request: 0.000037 seconds.
  path: Assets/Brick Project Studio/Apartment Kit/_Prefabs/Apt Build Kit/Interiors/Flooring & Ceilings/Int_apt_03_Floor_02.prefab
  artifactKey: Guid(a210596d183602d4f9abc956ba791b9e) Importer(815301076,1909f56bfc062723c751e8b465ee728b)
Start importing Assets/Brick Project Studio/Apartment Kit/_Prefabs/Apt Build Kit/Interiors/Flooring & Ceilings/Int_apt_03_Floor_02.prefab using Guid(a210596d183602d4f9abc956ba791b9e) Importer(815301076,1909f56bfc062723c751e8b465ee728b)  -> (artifact id: 'b64419292a725b80155abe361bd6b9fc') in 0.021259 seconds 
========================================================================
Received Import Request.
  Time since last request: 0.000023 seconds.
  path: Assets/Brick Project Studio/Apartment Kit/_Prefabs/Apt Build Kit/Interiors/Frames Windows Stairs & Doors/DoorFrame_Apt_02.prefab
  artifactKey: Guid(46552e96207732c4789f21297738d416) Importer(815301076,1909f56bfc062723c751e8b465ee728b)
Start importing Assets/Brick Project Studio/Apartment Kit/_Prefabs/Apt Build Kit/Interiors/Frames Windows Stairs & Doors/DoorFrame_Apt_02.prefab using Guid(46552e96207732c4789f21297738d416) Importer(815301076,1909f56bfc062723c751e8b465ee728b)  -> (artifact id: 'cfc58c6c593a15d1b551f91935846101') in 0.048602 seconds 
========================================================================
Received Import Request.
  Time since last request: 0.000023 seconds.
  path: Assets/Brick Project Studio/Apartment Kit/_Prefabs/Apt Build Kit/Exteriors/Ext_Apt_01/Ext_Apt_01_Pillar_2x2.prefab
  artifactKey: Guid(26ae75b7e5c390d4f8755cadf4903875) Importer(815301076,1909f56bfc062723c751e8b465ee728b)
Start importing Assets/Brick Project Studio/Apartment Kit/_Prefabs/Apt Build Kit/Exteriors/Ext_Apt_01/Ext_Apt_01_Pillar_2x2.prefab using Guid(26ae75b7e5c390d4f8755cadf4903875) Importer(815301076,1909f56bfc062723c751e8b465ee728b)  -> (artifact id: 'a19548ceb1025172f4c8059d03a92e46') in 0.039402 seconds 
========================================================================
Received Import Request.
  Time since last request: 0.000078 seconds.
  path: Assets/Brick Project Studio/Apartment Kit/_Prefabs/Apt Build Kit/Interiors/Walls Frames & Doors/Apt_01/Int_Apt_01_Wall_04.prefab
  artifactKey: Guid(e4a073a915d15da469c414beeb6fef2b) Importer(815301076,1909f56bfc062723c751e8b465ee728b)
Start importing Assets/Brick Project Studio/Apartment Kit/_Prefabs/Apt Build Kit/Interiors/Walls Frames & Doors/Apt_01/Int_Apt_01_Wall_04.prefab using Guid(e4a073a915d15da469c414beeb6fef2b) Importer(815301076,1909f56bfc062723c751e8b465ee728b)  -> (artifact id: '6492546c7962a7dbf1064178fe41c6ee') in 0.019546 seconds 
========================================================================
Received Import Request.
  Time since last request: 0.000022 seconds.
  path: Assets/Brick Project Studio/Apartment Kit/_Prefabs/Apt Build Kit/Exteriors/Ext_Apt_01/Ext_Apt_01_Roof_01.prefab
  artifactKey: Guid(44297ac12129a474d89e1b2eb6151936) Importer(815301076,1909f56bfc062723c751e8b465ee728b)
Start importing Assets/Brick Project Studio/Apartment Kit/_Prefabs/Apt Build Kit/Exteriors/Ext_Apt_01/Ext_Apt_01_Roof_01.prefab using Guid(44297ac12129a474d89e1b2eb6151936) Importer(815301076,1909f56bfc062723c751e8b465ee728b)  -> (artifact id: 'b9cda0051d006f52d6b142be1158feec') in 0.045544 seconds 
========================================================================
Received Import Request.
  Time since last request: 0.000035 seconds.
  path: Assets/Brick Project Studio/Apartment Kit/_Prefabs/Apt Build Kit/Interiors/Walls Frames & Doors/Apt_03/Int_Apt_03_Wall_02.prefab
  artifactKey: Guid(1b521e989c39fb544aaf387f9eda3db9) Importer(815301076,1909f56bfc062723c751e8b465ee728b)
Start importing Assets/Brick Project Studio/Apartment Kit/_Prefabs/Apt Build Kit/Interiors/Walls Frames & Doors/Apt_03/Int_Apt_03_Wall_02.prefab using Guid(1b521e989c39fb544aaf387f9eda3db9) Importer(815301076,1909f56bfc062723c751e8b465ee728b)  -> (artifact id: 'ded18a3e13f85dd8dbf913284cec8d9f') in 0.019227 seconds 
========================================================================
Received Import Request.
  Time since last request: 0.000034 seconds.
  path: Assets/Brick Project Studio/Apartment Kit/_Prefabs/Apt Build Kit/Interiors/Walls Frames & Doors/Apt_02/Int_Apt_02_Pillar_1x1.prefab
  artifactKey: Guid(b5b612cc5cb971b459b8c21f79f75715) Importer(815301076,1909f56bfc062723c751e8b465ee728b)
Start importing Assets/Brick Project Studio/Apartment Kit/_Prefabs/Apt Build Kit/Interiors/Walls Frames & Doors/Apt_02/Int_Apt_02_Pillar_1x1.prefab using Guid(b5b612cc5cb971b459b8c21f79f75715) Importer(815301076,1909f56bfc062723c751e8b465ee728b)  -> (artifact id: 'f3b2079134ee4ba0d575e2ac17bbc12b') in 0.018120 seconds 
========================================================================
Received Import Request.
  Time since last request: 0.000031 seconds.
  path: Assets/Brick Project Studio/Apartment Kit/_Prefabs/Apt Build Kit/Exteriors/Special/Ext_apt_01_02.prefab
  artifactKey: Guid(ec6a508d43c319f4e9a29995ea6c3489) Importer(815301076,1909f56bfc062723c751e8b465ee728b)
Start importing Assets/Brick Project Studio/Apartment Kit/_Prefabs/Apt Build Kit/Exteriors/Special/Ext_apt_01_02.prefab using Guid(ec6a508d43c319f4e9a29995ea6c3489) Importer(815301076,1909f56bfc062723c751e8b465ee728b)  -> (artifact id: 'c34cd2b1f9a469fb2261f0d2a131e5d0') in 0.042988 seconds 
========================================================================
Received Import Request.
  Time since last request: 0.000028 seconds.
  path: Assets/Brick Project Studio/Apartment Kit/_Prefabs/Apt Build Kit/Interiors/Walls Frames & Doors/Apt_01/Int_Apt_01_Pillar_4x4.prefab
  artifactKey: Guid(336374783a6a6f9438803704ebba706f) Importer(815301076,1909f56bfc062723c751e8b465ee728b)
Start importing Assets/Brick Project Studio/Apartment Kit/_Prefabs/Apt Build Kit/Interiors/Walls Frames & Doors/Apt_01/Int_Apt_01_Pillar_4x4.prefab using Guid(336374783a6a6f9438803704ebba706f) Importer(815301076,1909f56bfc062723c751e8b465ee728b)  -> (artifact id: '14fefee10986a82f8807e7d13f9f5b78') in 0.022266 seconds 
========================================================================
Received Import Request.
  Time since last request: 0.000028 seconds.
  path: Assets/Brick Project Studio/Apartment Kit/_Prefabs/Apt Build Kit/Exteriors/Ext_Apt_01/Ext_Apt_01_Roof_Mid_01.prefab
  artifactKey: Guid(5a8c5bdb2890760419fa0ba36befc73e) Importer(815301076,1909f56bfc062723c751e8b465ee728b)
Start importing Assets/Brick Project Studio/Apartment Kit/_Prefabs/Apt Build Kit/Exteriors/Ext_Apt_01/Ext_Apt_01_Roof_Mid_01.prefab using Guid(5a8c5bdb2890760419fa0ba36befc73e) Importer(815301076,1909f56bfc062723c751e8b465ee728b)  -> (artifact id: '43ec56b06a8f90746c377520ec1ec3b7') in 0.048969 seconds 
========================================================================
Received Import Request.
  Time since last request: 0.000079 seconds.
  path: Assets/Brick Project Studio/Apartment Kit/_Prefabs/Furniture/Bathroom/Hamper_01.prefab
  artifactKey: Guid(811e6e74b6e3af9468ee8cf92013ce83) Importer(815301076,1909f56bfc062723c751e8b465ee728b)
Start importing Assets/Brick Project Studio/Apartment Kit/_Prefabs/Furniture/Bathroom/Hamper_01.prefab using Guid(811e6e74b6e3af9468ee8cf92013ce83) Importer(815301076,1909f56bfc062723c751e8b465ee728b)  -> (artifact id: 'aa6973141b3464efa43c82b57d156ca4') in 0.094259 seconds 
========================================================================
Received Import Request.
  Time since last request: 0.000020 seconds.
  path: Assets/Brick Project Studio/Apartment Kit/_Prefabs/Apt Build Kit/Exteriors/Ext_Apt_01/Ext_Apt_01_Wall_01.prefab
  artifactKey: Guid(edb02028d59ccac4ca6641a183fa7346) Importer(815301076,1909f56bfc062723c751e8b465ee728b)
Start importing Assets/Brick Project Studio/Apartment Kit/_Prefabs/Apt Build Kit/Exteriors/Ext_Apt_01/Ext_Apt_01_Wall_01.prefab using Guid(edb02028d59ccac4ca6641a183fa7346) Importer(815301076,1909f56bfc062723c751e8b465ee728b)  -> (artifact id: 'b6edb257844ff7e9e896d960037d592a') in 0.040827 seconds 
========================================================================
Received Import Request.
  Time since last request: 0.000029 seconds.
  path: Assets/Brick Project Studio/Apartment Kit/_Prefabs/Apt Build Kit/Interiors/Frames Windows Stairs & Doors/Frame_Apt_02.prefab
  artifactKey: Guid(339af60aba47cba459f763bee7ddb43f) Importer(815301076,1909f56bfc062723c751e8b465ee728b)
Start importing Assets/Brick Project Studio/Apartment Kit/_Prefabs/Apt Build Kit/Interiors/Frames Windows Stairs & Doors/Frame_Apt_02.prefab using Guid(339af60aba47cba459f763bee7ddb43f) Importer(815301076,1909f56bfc062723c751e8b465ee728b)  -> (artifact id: '383fd0fe87a02a79a2dc438e09854c0a') in 0.015121 seconds 
========================================================================
Received Import Request.
  Time since last request: 0.000022 seconds.
  path: Assets/Brick Project Studio/Apartment Kit/_Prefabs/Apt Build Kit/Interiors/Frames Windows Stairs & Doors/Int_apt_01_Boarder_01.prefab
  artifactKey: Guid(1948577c0f767a2438c3970962e5da19) Importer(815301076,1909f56bfc062723c751e8b465ee728b)
Start importing Assets/Brick Project Studio/Apartment Kit/_Prefabs/Apt Build Kit/Interiors/Frames Windows Stairs & Doors/Int_apt_01_Boarder_01.prefab using Guid(1948577c0f767a2438c3970962e5da19) Importer(815301076,1909f56bfc062723c751e8b465ee728b)  -> (artifact id: '3eaf0c828d9dc45da8a63479e32a0c61') in 0.025644 seconds 
========================================================================
Received Import Request.
  Time since last request: 0.000019 seconds.
  path: Assets/Brick Project Studio/Apartment Kit/_Prefabs/Apt Build Kit/Interiors/Flooring & Ceilings/Int_apt_02_Floor_01.prefab
  artifactKey: Guid(5aac716a11271124887a33ec1836f27b) Importer(815301076,1909f56bfc062723c751e8b465ee728b)
Start importing Assets/Brick Project Studio/Apartment Kit/_Prefabs/Apt Build Kit/Interiors/Flooring & Ceilings/Int_apt_02_Floor_01.prefab using Guid(5aac716a11271124887a33ec1836f27b) Importer(815301076,1909f56bfc062723c751e8b465ee728b)  -> (artifact id: 'b5e33f17670f0bfb44ad26d3d905488e') in 0.017353 seconds 
========================================================================
Received Import Request.
  Time since last request: 0.000025 seconds.
  path: Assets/Brick Project Studio/Apartment Kit/_Prefabs/Apt Build Kit/Interiors/Walls Frames & Doors/Apt_02/Int_Apt_02_Wall_01.prefab
  artifactKey: Guid(fb28b01c668360548b1caee1ee42ac7e) Importer(815301076,1909f56bfc062723c751e8b465ee728b)
Start importing Assets/Brick Project Studio/Apartment Kit/_Prefabs/Apt Build Kit/Interiors/Walls Frames & Doors/Apt_02/Int_Apt_02_Wall_01.prefab using Guid(fb28b01c668360548b1caee1ee42ac7e) Importer(815301076,1909f56bfc062723c751e8b465ee728b)  -> (artifact id: '6649fb9e0483316975c29bfd88e8540a') in 0.018971 seconds 
========================================================================
Received Import Request.
  Time since last request: 0.000031 seconds.
  path: Assets/Brick Project Studio/Apartment Kit/_Prefabs/Apt Build Kit/Exteriors/Ext_Apt_01/Ext_Apt_01_Pillar_1x1.prefab
  artifactKey: Guid(68a3631d9068c5246954790f8f2e4708) Importer(815301076,1909f56bfc062723c751e8b465ee728b)
Start importing Assets/Brick Project Studio/Apartment Kit/_Prefabs/Apt Build Kit/Exteriors/Ext_Apt_01/Ext_Apt_01_Pillar_1x1.prefab using Guid(68a3631d9068c5246954790f8f2e4708) Importer(815301076,1909f56bfc062723c751e8b465ee728b)  -> (artifact id: '4d27a651589f94619a198a70067b2c9f') in 0.041778 seconds 
========================================================================
Received Import Request.
  Time since last request: 0.000023 seconds.
  path: Assets/Brick Project Studio/Apartment Kit/_Prefabs/Apt Build Kit/Exteriors/Special/Ext_apt_01_01.prefab
  artifactKey: Guid(1804b0ce951149d4f8c62b573d634580) Importer(815301076,1909f56bfc062723c751e8b465ee728b)
Start importing Assets/Brick Project Studio/Apartment Kit/_Prefabs/Apt Build Kit/Exteriors/Special/Ext_apt_01_01.prefab using Guid(1804b0ce951149d4f8c62b573d634580) Importer(815301076,1909f56bfc062723c751e8b465ee728b)  -> (artifact id: '6da3256fbdb521ac42d9bbb692930ace') in 0.016588 seconds 
========================================================================
Received Import Request.
  Time since last request: 0.000023 seconds.
  path: Assets/Brick Project Studio/Apartment Kit/_Prefabs/Apt Build Kit/Interiors/Walls Frames & Doors/Apt_02/Int_Apt_02_Wall_03.prefab
  artifactKey: Guid(17aade79dac654f4aa0b24a36cd4b136) Importer(815301076,1909f56bfc062723c751e8b465ee728b)
Start importing Assets/Brick Project Studio/Apartment Kit/_Prefabs/Apt Build Kit/Interiors/Walls Frames & Doors/Apt_02/Int_Apt_02_Wall_03.prefab using Guid(17aade79dac654f4aa0b24a36cd4b136) Importer(815301076,1909f56bfc062723c751e8b465ee728b)  -> (artifact id: 'd43e815be9795a74563bf8636789a0b7') in 0.017295 seconds 
========================================================================
Received Import Request.
  Time since last request: 0.000034 seconds.
  path: Assets/Brick Project Studio/Apartment Kit/_Prefabs/Apt Build Kit/Interiors/Walls Frames & Doors/Apt_01/Int_Apt_01_Wall_02.prefab
  artifactKey: Guid(f01b8dde2f2266c4a9c87acaa4ed6003) Importer(815301076,1909f56bfc062723c751e8b465ee728b)
Start importing Assets/Brick Project Studio/Apartment Kit/_Prefabs/Apt Build Kit/Interiors/Walls Frames & Doors/Apt_01/Int_Apt_01_Wall_02.prefab using Guid(f01b8dde2f2266c4a9c87acaa4ed6003) Importer(815301076,1909f56bfc062723c751e8b465ee728b)  -> (artifact id: '3811b887c9dc795017def21beb89d7bd') in 0.021445 seconds 
========================================================================
Received Import Request.
  Time since last request: 0.000016 seconds.
  path: Assets/Brick Project Studio/_BPS Basic Assets/_Prefabs/Basic Asset/BA Build Kit/Exterior/Ext_BA_Roof_02.prefab
  artifactKey: Guid(dd6658866c1c65a4aa4a6c6e8e34e4f5) Importer(815301076,1909f56bfc062723c751e8b465ee728b)
Start importing Assets/Brick Project Studio/_BPS Basic Assets/_Prefabs/Basic Asset/BA Build Kit/Exterior/Ext_BA_Roof_02.prefab using Guid(dd6658866c1c65a4aa4a6c6e8e34e4f5) Importer(815301076,1909f56bfc062723c751e8b465ee728b)  -> (artifact id: 'f8942fcab759e0ce75c57527d0aa88b2') in 0.028023 seconds 
========================================================================
Received Import Request.
  Time since last request: 0.000018 seconds.
  path: Assets/Brick Project Studio/Apartment Kit/_Prefabs/Apt Build Kit/Exteriors/Ext_Apt_01/Ext_Apt_01_Wall_02.prefab
  artifactKey: Guid(2a316e236f1c5504baf1ef31847a4658) Importer(815301076,1909f56bfc062723c751e8b465ee728b)
Start importing Assets/Brick Project Studio/Apartment Kit/_Prefabs/Apt Build Kit/Exteriors/Ext_Apt_01/Ext_Apt_01_Wall_02.prefab using Guid(2a316e236f1c5504baf1ef31847a4658) Importer(815301076,1909f56bfc062723c751e8b465ee728b)  -> (artifact id: 'f81d79a6b183eef77ae164731fbafa46') in 0.044719 seconds 
