Using pre-set license
Built from '2021.3/staging' branch; Version is '2021.3.16f1 (4016570cf34f) revision 4200023'; Using compiler version '192829333'; Build Type 'Release'
OS: 'Windows 10  (10.0.19045) 64bit Core' Language: 'en' Physical Memory: 16315 MB
BatchMode: 1, IsHumanControllingUs: 0, StartBugReporterOnCrash: 0, Is64bit: 1, IsPro: 1

COMMAND LINE ARGUMENTS:
C:\Program Files\Unity\Hub\Editor\2021.3.16f1\Editor\Unity.exe
-adb2
-batchMode
-noUpm
-name
AssetImportWorker1
-projectPath
C:/Users/darkl/Documents/Hotel-404/Hotel 404
-logFile
Logs/AssetImportWorker1.log
-srvPort
63144
Successfully changed project path to: C:/Users/darkl/Documents/Hotel-404/Hotel 404
C:/Users/darkl/Documents/Hotel-404/Hotel 404
[UnityMemory] Configuration Parameters - Can be set up in boot.config
    "memorysetup-bucket-allocator-granularity=16"
    "memorysetup-bucket-allocator-bucket-count=8"
    "memorysetup-bucket-allocator-block-size=33554432"
    "memorysetup-bucket-allocator-block-count=8"
    "memorysetup-main-allocator-block-size=16777216"
    "memorysetup-thread-allocator-block-size=16777216"
    "memorysetup-gfx-main-allocator-block-size=16777216"
    "memorysetup-gfx-thread-allocator-block-size=16777216"
    "memorysetup-cache-allocator-block-size=4194304"
    "memorysetup-typetree-allocator-block-size=2097152"
    "memorysetup-profiler-bucket-allocator-granularity=16"
    "memorysetup-profiler-bucket-allocator-bucket-count=8"
    "memorysetup-profiler-bucket-allocator-block-size=33554432"
    "memorysetup-profiler-bucket-allocator-block-count=8"
    "memorysetup-profiler-allocator-block-size=16777216"
    "memorysetup-profiler-editor-allocator-block-size=1048576"
    "memorysetup-temp-allocator-size-main=16777216"
    "memorysetup-job-temp-allocator-block-size=2097152"
    "memorysetup-job-temp-allocator-block-size-background=1048576"
    "memorysetup-job-temp-allocator-reduction-small-platforms=262144"
    "memorysetup-temp-allocator-size-background-worker=32768"
    "memorysetup-temp-allocator-size-job-worker=262144"
    "memorysetup-temp-allocator-size-preload-manager=33554432"
    "memorysetup-temp-allocator-size-nav-mesh-worker=65536"
    "memorysetup-temp-allocator-size-audio-worker=65536"
    "memorysetup-temp-allocator-size-cloud-worker=32768"
    "memorysetup-temp-allocator-size-gi-baking-worker=262144"
    "memorysetup-temp-allocator-size-gfx=262144"
Player connection [1532] Host "[IP] 192.168.56.1 [Port] 0 [Flags] 2 [Guid] 2219181880 [EditorId] 2219181880 [Version] 1048832 [Id] WindowsEditor(7,Turnip) [Debug] 1 [PackageName] WindowsEditor [ProjectName] Editor" joined multi-casting on [225.0.0.222:54997]...

Player connection [1532] Host "[IP] 192.168.56.1 [Port] 0 [Flags] 2 [Guid] 2219181880 [EditorId] 2219181880 [Version] 1048832 [Id] WindowsEditor(7,Turnip) [Debug] 1 [PackageName] WindowsEditor [ProjectName] Editor" joined alternative multi-casting on [225.0.0.222:34997]...

Refreshing native plugins compatible for Editor in 123.09 ms, found 3 plugins.
Preloading 0 native plugins for Editor in 0.00 ms.
Initialize engine version: 2021.3.16f1 (4016570cf34f)
[Subsystems] Discovering subsystems at path C:/Program Files/Unity/Hub/Editor/2021.3.16f1/Editor/Data/Resources/UnitySubsystems
[Subsystems] Discovering subsystems at path C:/Users/darkl/Documents/Hotel-404/Hotel 404/Assets
GfxDevice: creating device client; threaded=0; jobified=0
Direct3D:
    Version:  Direct3D 11.0 [level 11.1]
    Renderer: NVIDIA GeForce GTX 1660 SUPER (ID=0x21c4)
    Vendor:   NVIDIA
    VRAM:     5992 MB
    Driver:   31.0.15.1694
Initialize mono
Mono path[0] = 'C:/Program Files/Unity/Hub/Editor/2021.3.16f1/Editor/Data/Managed'
Mono path[1] = 'C:/Program Files/Unity/Hub/Editor/2021.3.16f1/Editor/Data/MonoBleedingEdge/lib/mono/unityjit-win32'
Mono config path = 'C:/Program Files/Unity/Hub/Editor/2021.3.16f1/Editor/Data/MonoBleedingEdge/etc'
Using monoOptions --debugger-agent=transport=dt_socket,embedding=1,server=y,suspend=n,address=127.0.0.1:56488
Begin MonoManager ReloadAssembly
Registering precompiled unity dll's ...
Register platform support module: C:/Program Files/Unity/Hub/Editor/2021.3.16f1/Editor/Data/PlaybackEngines/WebGLSupport/UnityEditor.WebGL.Extensions.dll
Register platform support module: C:/Program Files/Unity/Hub/Editor/2021.3.16f1/Editor/Data/PlaybackEngines/WindowsStandaloneSupport/UnityEditor.WindowsStandalone.Extensions.dll
Registered in 0.009017 seconds.
Native extension for WindowsStandalone target not found
Native extension for WebGL target not found
Refreshing native plugins compatible for Editor in 110.06 ms, found 3 plugins.
Preloading 0 native plugins for Editor in 0.00 ms.
Mono: successfully reloaded assembly
- Completed reload, in  0.640 seconds
Domain Reload Profiling:
	ReloadAssembly (641ms)
		BeginReloadAssembly (80ms)
			ExecutionOrderSort (0ms)
			DisableScriptedObjects (0ms)
			BackupInstance (0ms)
			ReleaseScriptingObjects (0ms)
			CreateAndSetChildDomain (1ms)
		EndReloadAssembly (450ms)
			LoadAssemblies (76ms)
			RebuildTransferFunctionScriptingTraits (0ms)
			SetupTypeCache (97ms)
			ReleaseScriptCaches (0ms)
			RebuildScriptCaches (23ms)
			SetupLoadedEditorAssemblies (283ms)
				LogAssemblyErrors (0ms)
				InitializePlatformSupportModulesInManaged (9ms)
				SetLoadedEditorAssemblies (0ms)
				RefreshPlugins (110ms)
				BeforeProcessingInitializeOnLoad (1ms)
				ProcessInitializeOnLoadAttributes (123ms)
				ProcessInitializeOnLoadMethodAttributes (40ms)
				AfterProcessingInitializeOnLoad (0ms)
				EditorAssembliesLoaded (0ms)
			ExecutionOrderSort2 (0ms)
			AwakeInstancesAfterBackupRestoration (0ms)
Platform modules already initialized, skipping
Registering precompiled user dll's ...
Registered in 0.006710 seconds.
Begin MonoManager ReloadAssembly
Symbol file LoadedFromMemory doesn't match image C:\Users\darkl\Documents\Hotel-404\Hotel 404\Library\PackageCache\com.unity.visualscripting@1.7.8\Editor\VisualScripting.Core\Dependencies\YamlDotNet\Unity.VisualScripting.YamlDotNet.dll
Symbol file LoadedFromMemory doesn't match image C:\Users\darkl\Documents\Hotel-404\Hotel 404\Library\PackageCache\com.unity.visualscripting@1.7.8\Editor\VisualScripting.Core\Dependencies\DotNetZip\Unity.VisualScripting.IonicZip.dll
Native extension for WindowsStandalone target not found
Native extension for WebGL target not found
Refreshing native plugins compatible for Editor in 116.05 ms, found 3 plugins.
Preloading 0 native plugins for Editor in 0.00 ms.
Mono: successfully reloaded assembly
- Completed reload, in  1.283 seconds
Domain Reload Profiling:
	ReloadAssembly (1284ms)
		BeginReloadAssembly (105ms)
			ExecutionOrderSort (0ms)
			DisableScriptedObjects (5ms)
			BackupInstance (0ms)
			ReleaseScriptingObjects (0ms)
			CreateAndSetChildDomain (19ms)
		EndReloadAssembly (1057ms)
			LoadAssemblies (86ms)
			RebuildTransferFunctionScriptingTraits (0ms)
			SetupTypeCache (291ms)
			ReleaseScriptCaches (1ms)
			RebuildScriptCaches (72ms)
			SetupLoadedEditorAssemblies (566ms)
				LogAssemblyErrors (0ms)
				InitializePlatformSupportModulesInManaged (6ms)
				SetLoadedEditorAssemblies (0ms)
				RefreshPlugins (116ms)
				BeforeProcessingInitializeOnLoad (110ms)
				ProcessInitializeOnLoadAttributes (303ms)
				ProcessInitializeOnLoadMethodAttributes (20ms)
				AfterProcessingInitializeOnLoad (10ms)
				EditorAssembliesLoaded (0ms)
			ExecutionOrderSort2 (0ms)
			AwakeInstancesAfterBackupRestoration (6ms)
Platform modules already initialized, skipping
========================================================================
Worker process is ready to serve import requests
Launched and connected shader compiler UnityShaderCompiler.exe after 0.04 seconds
Refreshing native plugins compatible for Editor in 1.77 ms, found 3 plugins.
Preloading 0 native plugins for Editor in 0.00 ms.
Unloading 4619 Unused Serialized files (Serialized files now loaded: 0)
Unloading 42 unused Assets / (1.3 MB). Loaded Objects now: 5066.
Memory consumption went from 169.0 MB to 167.6 MB.
Total: 5.264900 ms (FindLiveObjects: 0.668400 ms CreateObjectMapping: 0.171400 ms MarkObjects: 3.820000 ms  DeleteObjects: 0.603100 ms)

AssetImportParameters requested are different than current active one (requested -> active):
  custom:video-decoder-ogg-theora: a1e56fd34408186e4bbccfd4996cb3dc -> 
  custom:container-muxer-webm: aa71ff27fc2769a1b78a27578f13a17b -> 
  custom:container-demuxer-webm: 4f35f7cbe854078d1ac9338744f61a02 -> 
  custom:video-encoder-webm-vp8: eb34c28f22e8b96e1ab97ce403110664 -> 
  custom:video-codec-MediaFoundation-h265: 746d11721c4dcdbdad8f713fa42b33f4 -> 
  custom:audio-encoder-webm-vorbis: bf7c407c2cedff20999df2af8eb42d56 -> 
  custom:framework-win-MediaFoundation: 216162199b28c13a410421893ffa2e32 -> 
  custom:container-demuxer-ogg: 62fdf1f143b41e24485cea50d1cbac27 -> 
  custom:video-decoder-webm-vp8: 9c59270c3fd7afecdb556c50c9e8de78 -> 
  custom:audio-decoder-ogg-vorbis: bf7c407c2cedff20999df2af8eb42d56 -> 
========================================================================
Received Import Request.
  Time since last request: 82436.603558 seconds.
  path: Assets/Brick Project Studio/Apartment Kit/Common/Models/Corner Wall Cabinet.fbx
  artifactKey: Guid(5a3b2c9f5dcc95944b5769d838a747e6) Importer(815301076,1909f56bfc062723c751e8b465ee728b)
Start importing Assets/Brick Project Studio/Apartment Kit/Common/Models/Corner Wall Cabinet.fbx using Guid(5a3b2c9f5dcc95944b5769d838a747e6) Importer(815301076,1909f56bfc062723c751e8b465ee728b)  -> (artifact id: '6d2d0faf5b13292ae68d8f16859d2637') in 0.357206 seconds 
========================================================================
Received Import Request.
  Time since last request: 0.000031 seconds.
  path: Assets/Brick Project Studio/Apartment Kit/_Prefabs/Apt Build Kit/Exteriors/Ext_Apt_01/Ext_Apt_01_Pillar_3x3.prefab
  artifactKey: Guid(8d0226687ab1ae8408b45c04addd8546) Importer(815301076,1909f56bfc062723c751e8b465ee728b)
Start importing Assets/Brick Project Studio/Apartment Kit/_Prefabs/Apt Build Kit/Exteriors/Ext_Apt_01/Ext_Apt_01_Pillar_3x3.prefab using Guid(8d0226687ab1ae8408b45c04addd8546) Importer(815301076,1909f56bfc062723c751e8b465ee728b)  -> (artifact id: '75b296f2a622296ae540607659a23ed8') in 0.091798 seconds 
========================================================================
Received Import Request.
  Time since last request: 0.000040 seconds.
  path: Assets/Brick Project Studio/_BPS Basic Assets/_Prefabs/Basic Asset/BA Build Kit/Exterior/Ext_BA_01_Wall_01.prefab
  artifactKey: Guid(aec71fa5d6ab24744bbfb3afb66de766) Importer(815301076,1909f56bfc062723c751e8b465ee728b)
Start importing Assets/Brick Project Studio/_BPS Basic Assets/_Prefabs/Basic Asset/BA Build Kit/Exterior/Ext_BA_01_Wall_01.prefab using Guid(aec71fa5d6ab24744bbfb3afb66de766) Importer(815301076,1909f56bfc062723c751e8b465ee728b)  -> (artifact id: '44373c928589ef2e9d64b77a8e1393e0') in 0.109476 seconds 
========================================================================
Received Import Request.
  Time since last request: 0.000041 seconds.
  path: Assets/Brick Project Studio/Apartment Kit/_Prefabs/Apt Build Kit/Interiors/Walls Frames & Doors/Apt_03/Int_Apt_03_Wall_01.prefab
  artifactKey: Guid(42f30c85f9e074e4eb17ea01048327d2) Importer(815301076,1909f56bfc062723c751e8b465ee728b)
Start importing Assets/Brick Project Studio/Apartment Kit/_Prefabs/Apt Build Kit/Interiors/Walls Frames & Doors/Apt_03/Int_Apt_03_Wall_01.prefab using Guid(42f30c85f9e074e4eb17ea01048327d2) Importer(815301076,1909f56bfc062723c751e8b465ee728b)  -> (artifact id: 'f77f9581a72268cac988aad900a542fb') in 0.058398 seconds 
========================================================================
Received Import Request.
  Time since last request: 0.000018 seconds.
  path: Assets/Brick Project Studio/_BPS Basic Assets/_Prefabs/Basic Asset/BA Build Kit/Exterior/Ext_BA_Roof_01.prefab
  artifactKey: Guid(75c16d4794f25e84ea8d82ee45dd1937) Importer(815301076,1909f56bfc062723c751e8b465ee728b)
Start importing Assets/Brick Project Studio/_BPS Basic Assets/_Prefabs/Basic Asset/BA Build Kit/Exterior/Ext_BA_Roof_01.prefab using Guid(75c16d4794f25e84ea8d82ee45dd1937) Importer(815301076,1909f56bfc062723c751e8b465ee728b)  -> (artifact id: '66d78e2ff5266b28635a605e9badb16c') in 0.035997 seconds 
========================================================================
Received Import Request.
  Time since last request: 0.000026 seconds.
  path: Assets/Brick Project Studio/_BPS Basic Assets/_Prefabs/Basic Asset/BA Build Kit/Interior/Int_02/Int_BA_02_Filler_03.prefab
  artifactKey: Guid(955b182ab620d7443bf8c4ba6a621940) Importer(815301076,1909f56bfc062723c751e8b465ee728b)
Start importing Assets/Brick Project Studio/_BPS Basic Assets/_Prefabs/Basic Asset/BA Build Kit/Interior/Int_02/Int_BA_02_Filler_03.prefab using Guid(955b182ab620d7443bf8c4ba6a621940) Importer(815301076,1909f56bfc062723c751e8b465ee728b)  -> (artifact id: '47523d0fb750e1614a8d2a55f907ccf5') in 0.046635 seconds 
========================================================================
Received Import Request.
  Time since last request: 0.000027 seconds.
  path: Assets/Brick Project Studio/Apartment Kit/_Prefabs/Apt Build Kit/Interiors/Walls Frames & Doors/Apt_02/Int_Apt_02_Pillar_2x2.prefab
  artifactKey: Guid(2cf7605246c1a3c4a8bff50e0beb194b) Importer(815301076,1909f56bfc062723c751e8b465ee728b)
Start importing Assets/Brick Project Studio/Apartment Kit/_Prefabs/Apt Build Kit/Interiors/Walls Frames & Doors/Apt_02/Int_Apt_02_Pillar_2x2.prefab using Guid(2cf7605246c1a3c4a8bff50e0beb194b) Importer(815301076,1909f56bfc062723c751e8b465ee728b)  -> (artifact id: '0941da7ee643db3137e804c20e05f518') in 0.072954 seconds 
========================================================================
Received Import Request.
  Time since last request: 0.000021 seconds.
  path: Assets/Brick Project Studio/Apartment Kit/_Prefabs/Apt Build Kit/Interiors/Walls Frames & Doors/Apt_03/Int_Apt_03_Wall_04.prefab
  artifactKey: Guid(00db1187d63c7404591f8f93f3547629) Importer(815301076,1909f56bfc062723c751e8b465ee728b)
Start importing Assets/Brick Project Studio/Apartment Kit/_Prefabs/Apt Build Kit/Interiors/Walls Frames & Doors/Apt_03/Int_Apt_03_Wall_04.prefab using Guid(00db1187d63c7404591f8f93f3547629) Importer(815301076,1909f56bfc062723c751e8b465ee728b)  -> (artifact id: '2709ca8e58b0843773ccb5ef2104dce4') in 0.038012 seconds 
========================================================================
Received Import Request.
  Time since last request: 0.000021 seconds.
  path: Assets/Brick Project Studio/Apartment Kit/_Prefabs/Apt Build Kit/Interiors/Walls Frames & Doors/Apt_01/Int_Apt_01_Wall_03.prefab
  artifactKey: Guid(0ef87058d11dd764abf30aefa470c526) Importer(815301076,1909f56bfc062723c751e8b465ee728b)
Start importing Assets/Brick Project Studio/Apartment Kit/_Prefabs/Apt Build Kit/Interiors/Walls Frames & Doors/Apt_01/Int_Apt_01_Wall_03.prefab using Guid(0ef87058d11dd764abf30aefa470c526) Importer(815301076,1909f56bfc062723c751e8b465ee728b)  -> (artifact id: '8a6bca58b7858702d596e3c0a7c43ddb') in 0.033237 seconds 
========================================================================
Received Import Request.
  Time since last request: 0.000018 seconds.
  path: Assets/Brick Project Studio/Apartment Kit/_Prefabs/Apt Build Kit/Interiors/Walls Frames & Doors/Apt_01/Int_Apt_01_Corner_01.prefab
  artifactKey: Guid(4ddec33f57bc4c74680f805d105aa0cc) Importer(815301076,1909f56bfc062723c751e8b465ee728b)
Start importing Assets/Brick Project Studio/Apartment Kit/_Prefabs/Apt Build Kit/Interiors/Walls Frames & Doors/Apt_01/Int_Apt_01_Corner_01.prefab using Guid(4ddec33f57bc4c74680f805d105aa0cc) Importer(815301076,1909f56bfc062723c751e8b465ee728b)  -> (artifact id: '23a85624d77a70dcb4f7dec78356263f') in 0.030015 seconds 
========================================================================
Received Import Request.
  Time since last request: 0.000026 seconds.
  path: Assets/Brick Project Studio/Apartment Kit/_Prefabs/Apt Build Kit/Interiors/Walls Frames & Doors/Apt_03/Int_Apt_03_Pillar_3x3.prefab
  artifactKey: Guid(77057a053541fb344a2d4dc020cbf68a) Importer(815301076,1909f56bfc062723c751e8b465ee728b)
Start importing Assets/Brick Project Studio/Apartment Kit/_Prefabs/Apt Build Kit/Interiors/Walls Frames & Doors/Apt_03/Int_Apt_03_Pillar_3x3.prefab using Guid(77057a053541fb344a2d4dc020cbf68a) Importer(815301076,1909f56bfc062723c751e8b465ee728b)  -> (artifact id: 'f6a1ef6076828245411e6f60a194a9ca') in 0.022254 seconds 
========================================================================
Received Import Request.
  Time since last request: 0.000023 seconds.
  path: Assets/Brick Project Studio/Apartment Kit/_Prefabs/Apt Build Kit/Interiors/Walls Frames & Doors/Apt_01/Int_Apt_01_Wall_Double_01.prefab
  artifactKey: Guid(252cc1d947dc9f34fa0d633f87bbcfc0) Importer(815301076,1909f56bfc062723c751e8b465ee728b)
Start importing Assets/Brick Project Studio/Apartment Kit/_Prefabs/Apt Build Kit/Interiors/Walls Frames & Doors/Apt_01/Int_Apt_01_Wall_Double_01.prefab using Guid(252cc1d947dc9f34fa0d633f87bbcfc0) Importer(815301076,1909f56bfc062723c751e8b465ee728b)  -> (artifact id: '9398c260c2eec2b3f4bab62cb757ef48') in 0.029257 seconds 
========================================================================
Received Import Request.
  Time since last request: 0.000034 seconds.
  path: Assets/Brick Project Studio/Apartment Kit/_Prefabs/Apt Build Kit/Interiors/Walls Frames & Doors/Apt_03/Int_Apt_03_Pillar_4x4.prefab
  artifactKey: Guid(ad9c053ed14d8004ea68366cfcbf751a) Importer(815301076,1909f56bfc062723c751e8b465ee728b)
Start importing Assets/Brick Project Studio/Apartment Kit/_Prefabs/Apt Build Kit/Interiors/Walls Frames & Doors/Apt_03/Int_Apt_03_Pillar_4x4.prefab using Guid(ad9c053ed14d8004ea68366cfcbf751a) Importer(815301076,1909f56bfc062723c751e8b465ee728b)  -> (artifact id: 'd021ac98f5e6fbec8d9c57b1bb7abf9f') in 0.019122 seconds 
========================================================================
Received Import Request.
  Time since last request: 0.000021 seconds.
  path: Assets/Brick Project Studio/Apartment Kit/_Prefabs/Apt Build Kit/Interiors/Walls Frames & Doors/Apt_03/Int_Apt_03_Pillar_1x1.prefab
  artifactKey: Guid(7262bf6e31d2c3047abf1089a09b516d) Importer(815301076,1909f56bfc062723c751e8b465ee728b)
Start importing Assets/Brick Project Studio/Apartment Kit/_Prefabs/Apt Build Kit/Interiors/Walls Frames & Doors/Apt_03/Int_Apt_03_Pillar_1x1.prefab using Guid(7262bf6e31d2c3047abf1089a09b516d) Importer(815301076,1909f56bfc062723c751e8b465ee728b)  -> (artifact id: '56be7526cf4115db92cfed03c98775b7') in 0.018594 seconds 
========================================================================
Received Import Request.
  Time since last request: 0.000023 seconds.
  path: Assets/Brick Project Studio/Apartment Kit/_Prefabs/Apt Build Kit/Exteriors/Ext_Apt_01/Ext_Apt_01_Corner_01.prefab
  artifactKey: Guid(bd7983b1a49044746ab3ec58a61d0c4a) Importer(815301076,1909f56bfc062723c751e8b465ee728b)
Start importing Assets/Brick Project Studio/Apartment Kit/_Prefabs/Apt Build Kit/Exteriors/Ext_Apt_01/Ext_Apt_01_Corner_01.prefab using Guid(bd7983b1a49044746ab3ec58a61d0c4a) Importer(815301076,1909f56bfc062723c751e8b465ee728b)  -> (artifact id: 'a80741ea05abe0cd891d4bb9834a84a8') in 0.043366 seconds 
========================================================================
Received Import Request.
  Time since last request: 0.000049 seconds.
  path: Assets/Brick Project Studio/_BPS Basic Assets/_Prefabs/Basic Asset/BA Build Kit/Exterior/Ext_BA_Door Frame_01.prefab
  artifactKey: Guid(680503713abcfb149bae4f505b6c449c) Importer(815301076,1909f56bfc062723c751e8b465ee728b)
Start importing Assets/Brick Project Studio/_BPS Basic Assets/_Prefabs/Basic Asset/BA Build Kit/Exterior/Ext_BA_Door Frame_01.prefab using Guid(680503713abcfb149bae4f505b6c449c) Importer(815301076,1909f56bfc062723c751e8b465ee728b)  -> (artifact id: 'e9e154aae5fa534cfc4618cee496ed78') in 0.113829 seconds 
========================================================================
Received Import Request.
  Time since last request: 0.000023 seconds.
  path: Assets/Brick Project Studio/_BPS Basic Assets/_Prefabs/Basic Asset/BA Build Kit/Exterior/Ext_BA_01_Pillar_3x3.prefab
  artifactKey: Guid(933e1ae6be3df0a4495b29a809e3b3ae) Importer(815301076,1909f56bfc062723c751e8b465ee728b)
Start importing Assets/Brick Project Studio/_BPS Basic Assets/_Prefabs/Basic Asset/BA Build Kit/Exterior/Ext_BA_01_Pillar_3x3.prefab using Guid(933e1ae6be3df0a4495b29a809e3b3ae) Importer(815301076,1909f56bfc062723c751e8b465ee728b)  -> (artifact id: 'a2c98a4320c42ad2a9c2a02725101322') in 0.030154 seconds 
========================================================================
Received Import Request.
  Time since last request: 0.000038 seconds.
  path: Assets/Brick Project Studio/Apartment Kit/_Prefabs/Apt Build Kit/Exteriors/Ext_Apt_01/Ext_Apt_01_Roof_Corner_01.prefab
  artifactKey: Guid(c1dd2221b83bbd54c926f000702e4e1f) Importer(815301076,1909f56bfc062723c751e8b465ee728b)
Start importing Assets/Brick Project Studio/Apartment Kit/_Prefabs/Apt Build Kit/Exteriors/Ext_Apt_01/Ext_Apt_01_Roof_Corner_01.prefab using Guid(c1dd2221b83bbd54c926f000702e4e1f) Importer(815301076,1909f56bfc062723c751e8b465ee728b)  -> (artifact id: '13a5617df1554e5290450885b96ee7a4') in 0.042915 seconds 
========================================================================
Received Import Request.
  Time since last request: 0.000021 seconds.
  path: Assets/Brick Project Studio/Apartment Kit/_Prefabs/Apt Build Kit/Interiors/Frames Windows Stairs & Doors/DoorFrame_Apt_01.prefab
  artifactKey: Guid(e9a47cdb5968d66499f6b4ee53467cd4) Importer(815301076,1909f56bfc062723c751e8b465ee728b)
Start importing Assets/Brick Project Studio/Apartment Kit/_Prefabs/Apt Build Kit/Interiors/Frames Windows Stairs & Doors/DoorFrame_Apt_01.prefab using Guid(e9a47cdb5968d66499f6b4ee53467cd4) Importer(815301076,1909f56bfc062723c751e8b465ee728b)  -> (artifact id: '46fa84c490ed822b9f3ca678791f3183') in 0.020672 seconds 
========================================================================
Received Import Request.
  Time since last request: 0.000019 seconds.
  path: Assets/Brick Project Studio/_BPS Basic Assets/_Prefabs/Basic Asset/BA Build Kit/Interior/Int_02/Int_BA_02_Filler_02.prefab
  artifactKey: Guid(da76ff28749b4d54ab63d4533af0b4c3) Importer(815301076,1909f56bfc062723c751e8b465ee728b)
Start importing Assets/Brick Project Studio/_BPS Basic Assets/_Prefabs/Basic Asset/BA Build Kit/Interior/Int_02/Int_BA_02_Filler_02.prefab using Guid(da76ff28749b4d54ab63d4533af0b4c3) Importer(815301076,1909f56bfc062723c751e8b465ee728b)  -> (artifact id: 'b67dba6c0742819c7be4f03f23d30155') in 0.014507 seconds 
========================================================================
Received Import Request.
  Time since last request: 0.000022 seconds.
  path: Assets/Brick Project Studio/Apartment Kit/_Prefabs/Apt Build Kit/Interiors/Flooring & Ceilings/Int_apt_01_Floor_01.prefab
  artifactKey: Guid(bee09117d2231334d90a559b1ff7f323) Importer(815301076,1909f56bfc062723c751e8b465ee728b)
Start importing Assets/Brick Project Studio/Apartment Kit/_Prefabs/Apt Build Kit/Interiors/Flooring & Ceilings/Int_apt_01_Floor_01.prefab using Guid(bee09117d2231334d90a559b1ff7f323) Importer(815301076,1909f56bfc062723c751e8b465ee728b)  -> (artifact id: '3b2271fcf379653bfafe4ca7536ebe28') in 0.021197 seconds 
========================================================================
Received Import Request.
  Time since last request: 0.000021 seconds.
  path: Assets/Brick Project Studio/Apartment Kit/_Prefabs/Apt Build Kit/Exteriors/Ext_Apt_01/Ext_Apt_01_Pillar_4x4.prefab
  artifactKey: Guid(c132e10714a0f9441993cdd403636ac2) Importer(815301076,1909f56bfc062723c751e8b465ee728b)
Start importing Assets/Brick Project Studio/Apartment Kit/_Prefabs/Apt Build Kit/Exteriors/Ext_Apt_01/Ext_Apt_01_Pillar_4x4.prefab using Guid(c132e10714a0f9441993cdd403636ac2) Importer(815301076,1909f56bfc062723c751e8b465ee728b)  -> (artifact id: '0695f5c23bb5b0e53aedace729da8901') in 0.045354 seconds 
========================================================================
Received Import Request.
  Time since last request: 0.000026 seconds.
  path: Assets/Brick Project Studio/Apartment Kit/_Prefabs/Apt Build Kit/Interiors/Walls Frames & Doors/Apt_03/Int_Apt_03_Pillar_2x2.prefab
  artifactKey: Guid(7536b5cab7fa6894e9909e4f8ec3bd69) Importer(815301076,1909f56bfc062723c751e8b465ee728b)
Start importing Assets/Brick Project Studio/Apartment Kit/_Prefabs/Apt Build Kit/Interiors/Walls Frames & Doors/Apt_03/Int_Apt_03_Pillar_2x2.prefab using Guid(7536b5cab7fa6894e9909e4f8ec3bd69) Importer(815301076,1909f56bfc062723c751e8b465ee728b)  -> (artifact id: 'af581a046b2b3b3d7b3509a7309f403e') in 0.019433 seconds 
========================================================================
Received Import Request.
  Time since last request: 0.000021 seconds.
  path: Assets/Brick Project Studio/Apartment Kit/_Prefabs/Apt Build Kit/Exteriors/Ext_Apt_01/Ext_Apt_01_Roof_02.prefab
  artifactKey: Guid(d6b5de5048b779b49847795dabf2dd3a) Importer(815301076,1909f56bfc062723c751e8b465ee728b)
Start importing Assets/Brick Project Studio/Apartment Kit/_Prefabs/Apt Build Kit/Exteriors/Ext_Apt_01/Ext_Apt_01_Roof_02.prefab using Guid(d6b5de5048b779b49847795dabf2dd3a) Importer(815301076,1909f56bfc062723c751e8b465ee728b)  -> (artifact id: '0da58854620b3a5aed34ecebbe5e683d') in 0.037468 seconds 
========================================================================
Received Import Request.
  Time since last request: 0.000036 seconds.
  path: Assets/Brick Project Studio/Apartment Kit/_Prefabs/Apt Build Kit/Interiors/Walls Frames & Doors/Apt_01/Int_Apt_01_Pillar_1x1.prefab
  artifactKey: Guid(aa2fa323615b3744ca21435299b7e85a) Importer(815301076,1909f56bfc062723c751e8b465ee728b)
Start importing Assets/Brick Project Studio/Apartment Kit/_Prefabs/Apt Build Kit/Interiors/Walls Frames & Doors/Apt_01/Int_Apt_01_Pillar_1x1.prefab using Guid(aa2fa323615b3744ca21435299b7e85a) Importer(815301076,1909f56bfc062723c751e8b465ee728b)  -> (artifact id: '754b890f8a070a0da7f2e93ead044df9') in 0.020235 seconds 
========================================================================
Received Import Request.
  Time since last request: 0.000020 seconds.
  path: Assets/Brick Project Studio/Apartment Kit/_Prefabs/Apt Build Kit/Interiors/Walls Frames & Doors/Apt_02/Int_Apt_02_Corner_01.prefab
  artifactKey: Guid(5751082ea532e49478e631f5ff9a1cfa) Importer(815301076,1909f56bfc062723c751e8b465ee728b)
Start importing Assets/Brick Project Studio/Apartment Kit/_Prefabs/Apt Build Kit/Interiors/Walls Frames & Doors/Apt_02/Int_Apt_02_Corner_01.prefab using Guid(5751082ea532e49478e631f5ff9a1cfa) Importer(815301076,1909f56bfc062723c751e8b465ee728b)  -> (artifact id: '63bcb25b39e0dde9c1a0dc1c68ffc29e') in 0.015591 seconds 
========================================================================
Received Import Request.
  Time since last request: 0.000019 seconds.
  path: Assets/Textures/Door Wall.obj
  artifactKey: Guid(5822dd4d7ec18594287ce62445498f32) Importer(815301076,1909f56bfc062723c751e8b465ee728b)
Start importing Assets/Textures/Door Wall.obj using Guid(5822dd4d7ec18594287ce62445498f32) Importer(815301076,1909f56bfc062723c751e8b465ee728b)  -> (artifact id: '2ff4d0f701cb14535a31d76b595101a7') in 0.024777 seconds 
========================================================================
Received Import Request.
  Time since last request: 0.000022 seconds.
  path: Assets/Brick Project Studio/Apartment Kit/_Prefabs/Apt Build Kit/Interiors/Frames Windows Stairs & Doors/Frame_Apt_01.prefab
  artifactKey: Guid(509ac6312e62e5743ae96298947599f7) Importer(815301076,1909f56bfc062723c751e8b465ee728b)
Start importing Assets/Brick Project Studio/Apartment Kit/_Prefabs/Apt Build Kit/Interiors/Frames Windows Stairs & Doors/Frame_Apt_01.prefab using Guid(509ac6312e62e5743ae96298947599f7) Importer(815301076,1909f56bfc062723c751e8b465ee728b)  -> (artifact id: 'a0b312b6a8973fa6fddd9b26f632b10c') in 0.016559 seconds 
========================================================================
Received Import Request.
  Time since last request: 0.000053 seconds.
  path: Assets/Brick Project Studio/Apartment Kit/_Prefabs/Apt Build Kit/Interiors/Flooring & Ceilings/Int_apt_01_Ceiling_01.prefab
  artifactKey: Guid(3106a6f3c2fc2a547b55f8f47ff2e09c) Importer(815301076,1909f56bfc062723c751e8b465ee728b)
Start importing Assets/Brick Project Studio/Apartment Kit/_Prefabs/Apt Build Kit/Interiors/Flooring & Ceilings/Int_apt_01_Ceiling_01.prefab using Guid(3106a6f3c2fc2a547b55f8f47ff2e09c) Importer(815301076,1909f56bfc062723c751e8b465ee728b)  -> (artifact id: '18101015137ca78327200a7cab8428cc') in 0.021226 seconds 
========================================================================
Received Import Request.
  Time since last request: 0.000018 seconds.
  path: Assets/Brick Project Studio/Apartment Kit/_Prefabs/Apt Build Kit/Interiors/Walls Frames & Doors/Apt_01/Int_Apt_01_Pillar_2x2.prefab
  artifactKey: Guid(898817d0fbc7ec3448ce39efd8267ba2) Importer(815301076,1909f56bfc062723c751e8b465ee728b)
Start importing Assets/Brick Project Studio/Apartment Kit/_Prefabs/Apt Build Kit/Interiors/Walls Frames & Doors/Apt_01/Int_Apt_01_Pillar_2x2.prefab using Guid(898817d0fbc7ec3448ce39efd8267ba2) Importer(815301076,1909f56bfc062723c751e8b465ee728b)  -> (artifact id: '550aa747a96ca60b9c10b357d8655121') in 0.021105 seconds 
========================================================================
Received Import Request.
  Time since last request: 0.000020 seconds.
  path: Assets/Brick Project Studio/Apartment Kit/_Prefabs/Apt Build Kit/Interiors/Walls Frames & Doors/Apt_02/Int_Apt_02_Pillar_4x4.prefab
  artifactKey: Guid(b6eb91e203f46fb4c8f3ae98b953a325) Importer(815301076,1909f56bfc062723c751e8b465ee728b)
Start importing Assets/Brick Project Studio/Apartment Kit/_Prefabs/Apt Build Kit/Interiors/Walls Frames & Doors/Apt_02/Int_Apt_02_Pillar_4x4.prefab using Guid(b6eb91e203f46fb4c8f3ae98b953a325) Importer(815301076,1909f56bfc062723c751e8b465ee728b)  -> (artifact id: 'e98f281569f3701988c80b1afad89ed7') in 0.020068 seconds 
========================================================================
Received Import Request.
  Time since last request: 0.000023 seconds.
  path: Assets/Brick Project Studio/_BPS Basic Assets/_Prefabs/Basic Asset/BA Build Kit/Interior/Int_02/Int_BA_02_Filler_01.prefab
  artifactKey: Guid(e76249d095e28ee4db72dc3385020c2f) Importer(815301076,1909f56bfc062723c751e8b465ee728b)
Start importing Assets/Brick Project Studio/_BPS Basic Assets/_Prefabs/Basic Asset/BA Build Kit/Interior/Int_02/Int_BA_02_Filler_01.prefab using Guid(e76249d095e28ee4db72dc3385020c2f) Importer(815301076,1909f56bfc062723c751e8b465ee728b)  -> (artifact id: '0b8fae128ccef0f3b2320c6897b0423b') in 0.016349 seconds 
========================================================================
Received Import Request.
  Time since last request: 0.000024 seconds.
  path: Assets/Brick Project Studio/Apartment Kit/_Prefabs/Apt Build Kit/Interiors/Walls Frames & Doors/Apt_02/Int_Apt_02_Wall_04.prefab
  artifactKey: Guid(0d62acd7333a2844eb00217800ed1f99) Importer(815301076,1909f56bfc062723c751e8b465ee728b)
Start importing Assets/Brick Project Studio/Apartment Kit/_Prefabs/Apt Build Kit/Interiors/Walls Frames & Doors/Apt_02/Int_Apt_02_Wall_04.prefab using Guid(0d62acd7333a2844eb00217800ed1f99) Importer(815301076,1909f56bfc062723c751e8b465ee728b)  -> (artifact id: '8c7dc5766bb6058206a13801bf1a391a') in 0.018994 seconds 
========================================================================
Received Import Request.
  Time since last request: 0.000029 seconds.
  path: Assets/Brick Project Studio/Apartment Kit/_Prefabs/Apt Build Kit/Interiors/Frames Windows Stairs & Doors/Int_apt_01_EdgeRail_01.prefab
  artifactKey: Guid(a32793c2d7a973541a705148244340ef) Importer(815301076,1909f56bfc062723c751e8b465ee728b)
Start importing Assets/Brick Project Studio/Apartment Kit/_Prefabs/Apt Build Kit/Interiors/Frames Windows Stairs & Doors/Int_apt_01_EdgeRail_01.prefab using Guid(a32793c2d7a973541a705148244340ef) Importer(815301076,1909f56bfc062723c751e8b465ee728b)  -> (artifact id: '17ba7c87792bb3f64a3d5f83549ae36a') in 0.020201 seconds 
========================================================================
Received Import Request.
  Time since last request: 0.000021 seconds.
  path: Assets/Brick Project Studio/Apartment Kit/_Prefabs/Apt Build Kit/Interiors/Walls Frames & Doors/Apt_01/Int_Apt_01_Wall_01.prefab
  artifactKey: Guid(c5be39b879c83f54d9bbfebe68c809be) Importer(815301076,1909f56bfc062723c751e8b465ee728b)
Start importing Assets/Brick Project Studio/Apartment Kit/_Prefabs/Apt Build Kit/Interiors/Walls Frames & Doors/Apt_01/Int_Apt_01_Wall_01.prefab using Guid(c5be39b879c83f54d9bbfebe68c809be) Importer(815301076,1909f56bfc062723c751e8b465ee728b)  -> (artifact id: '8c1d0f9247e30295cfae73dd29191d58') in 0.020767 seconds 
========================================================================
Received Import Request.
  Time since last request: 0.000019 seconds.
  path: Assets/Brick Project Studio/Apartment Kit/_Prefabs/Apt Build Kit/Interiors/Walls Frames & Doors/Apt_02/Int_Apt_02_Wall_02.prefab
  artifactKey: Guid(30553bc0887e026448946afaa552d655) Importer(815301076,1909f56bfc062723c751e8b465ee728b)
Start importing Assets/Brick Project Studio/Apartment Kit/_Prefabs/Apt Build Kit/Interiors/Walls Frames & Doors/Apt_02/Int_Apt_02_Wall_02.prefab using Guid(30553bc0887e026448946afaa552d655) Importer(815301076,1909f56bfc062723c751e8b465ee728b)  -> (artifact id: '598cc30065c99aaa0112a58d66e0e84d') in 0.017924 seconds 
========================================================================
Received Import Request.
  Time since last request: 0.000028 seconds.
  path: Assets/Brick Project Studio/Apartment Kit/_Prefabs/Apt Build Kit/Interiors/Flooring & Ceilings/Int_apt_02_Floor_02.prefab
  artifactKey: Guid(e92372dbea850d64697e857ecae9484d) Importer(815301076,1909f56bfc062723c751e8b465ee728b)
Start importing Assets/Brick Project Studio/Apartment Kit/_Prefabs/Apt Build Kit/Interiors/Flooring & Ceilings/Int_apt_02_Floor_02.prefab using Guid(e92372dbea850d64697e857ecae9484d) Importer(815301076,1909f56bfc062723c751e8b465ee728b)  -> (artifact id: '2058f4a59ae4de9a8deaeb2cc574c75a') in 0.018361 seconds 
========================================================================
Received Import Request.
  Time since last request: 0.000018 seconds.
  path: Assets/Brick Project Studio/_BPS Basic Assets/_Prefabs/Basic Asset/BA Build Kit/Exterior/Ext_BA_01_Pillar_4x4.prefab
  artifactKey: Guid(94c14dfc6c607a44486aa4e3dbc3f125) Importer(815301076,1909f56bfc062723c751e8b465ee728b)
Start importing Assets/Brick Project Studio/_BPS Basic Assets/_Prefabs/Basic Asset/BA Build Kit/Exterior/Ext_BA_01_Pillar_4x4.prefab using Guid(94c14dfc6c607a44486aa4e3dbc3f125) Importer(815301076,1909f56bfc062723c751e8b465ee728b)  -> (artifact id: '3ac46d7cc6f6d8cc556dab233172b0ee') in 0.029727 seconds 
========================================================================
Received Import Request.
  Time since last request: 0.000029 seconds.
  path: Assets/Brick Project Studio/_BPS Basic Assets/_Prefabs/Basic Asset/BA Build Kit/Exterior/Ext_BA_01_Pillar_2x2.prefab
  artifactKey: Guid(9e5df3ffdacb0044d80a4e70e9f86833) Importer(815301076,1909f56bfc062723c751e8b465ee728b)
Start importing Assets/Brick Project Studio/_BPS Basic Assets/_Prefabs/Basic Asset/BA Build Kit/Exterior/Ext_BA_01_Pillar_2x2.prefab using Guid(9e5df3ffdacb0044d80a4e70e9f86833) Importer(815301076,1909f56bfc062723c751e8b465ee728b)  -> (artifact id: '182380041bcb34eeceb72ec72c3f9122') in 0.028646 seconds 
Editor requested this worker to shutdown with reason: Scaling down because of idle timeout
AssetImportWorker is now disconnected from the server
Process exiting
Exiting without the bug reporter. Application will terminate with return code 0